{"level":"info","time":"2021-12-16T16:22:54+05:30","message":"Starting server"}
{"level":"error","time":"2021-12-16T16:35:00+05:30","message":"Error in add user can't save invalid data"}
{"level":"info","time":"2021-12-16T16:35:00+05:30","message":"Starting server"}
{"level":"error","time":"2021-12-16T16:37:30+05:30","message":"Error in add user can't save invalid data"}
{"level":"info","time":"2021-12-16T16:37:30+05:30","message":"Starting server"}
{"level":"error","time":"2021-12-16T16:38:00+05:30","message":"Error in user creation"}
{"level":"error","time":"2021-12-16T16:38:00+05:30","message":"Error in add user Error 1265: Data truncated for column 'expiry_date' at row 1"}
{"level":"error","time":"2021-12-16T16:40:38+05:30","message":"Error in add user can't save invalid data"}
{"level":"info","time":"2021-12-16T16:40:38+05:30","message":"Starting server"}
{"level":"error","time":"2021-12-16T16:44:44+05:30","message":"Error in add user can't save invalid data"}
{"level":"info","time":"2021-12-16T16:44:44+05:30","message":"Starting server"}
{"level":"error","time":"2021-12-16T16:46:36+05:30","message":"Error in add user can't save invalid data"}
{"level":"info","time":"2021-12-16T16:46:36+05:30","message":"Starting server"}
{"level":"error","time":"2021-12-16T16:49:10+05:30","message":"Error in add user can't save invalid data"}
{"level":"info","time":"2021-12-16T16:49:10+05:30","message":"Starting server"}
{"level":"error","time":"2021-12-16T16:50:30+05:30","message":"Error in add user can't save invalid data"}
{"level":"info","time":"2021-12-16T16:50:30+05:30","message":"Starting server"}
{"level":"error","time":"2021-12-16T16:52:05+05:30","message":"Error in add user can't save invalid data"}
{"level":"info","time":"2021-12-16T16:52:05+05:30","message":"Starting server"}
{"level":"error","time":"2021-12-16T16:54:50+05:30","message":"Error in add user can't save invalid data"}
{"level":"info","time":"2021-12-16T16:54:50+05:30","message":"Starting server"}
{"level":"error","time":"2021-12-16T16:56:15+05:30","message":"Error in add user can't save invalid data"}
{"level":"info","time":"2021-12-16T16:56:15+05:30","message":"Starting server"}
{"level":"error","time":"2021-12-16T16:57:06+05:30","message":"Error in add user can't save invalid data"}
{"level":"info","time":"2021-12-16T16:57:06+05:30","message":"Starting server"}
{"level":"error","time":"2021-12-16T17:19:43+05:30","message":"Error in add user can't save invalid data"}
{"level":"info","time":"2021-12-16T17:19:43+05:30","message":"Starting server"}
{"level":"error","time":"2021-12-16T17:58:59+05:30","message":"Error in add user can't save invalid data"}
{"level":"info","time":"2021-12-16T17:58:59+05:30","message":"Starting server"}
{"level":"error","time":"2021-12-16T18:04:01+05:30","message":"Error in add user can't save invalid data"}
{"level":"info","time":"2021-12-16T18:04:01+05:30","message":"Starting server"}
{"level":"error","time":"2021-12-16T18:05:12+05:30","message":"Error in add user can't save invalid data"}
{"level":"info","time":"2021-12-16T18:05:12+05:30","message":"Starting server"}
{"level":"error","time":"2021-12-16T18:12:38+05:30","message":"Error in add user can't save invalid data"}
{"level":"info","time":"2021-12-16T18:12:38+05:30","message":"Starting server"}
{"level":"fatal","time":"2021-12-16T18:16:56+05:30","message":"No passport found for user"}
{"level":"error","time":"2021-12-16T18:17:27+05:30","message":"Error in add user can't save invalid data"}
{"level":"info","time":"2021-12-16T18:17:27+05:30","message":"Starting server"}
{"level":"error","time":"2021-12-16T18:27:43+05:30","message":"Error in add user can't save invalid data"}
{"level":"info","time":"2021-12-16T18:27:43+05:30","message":"Starting server"}
{"level":"error","time":"2021-12-16T18:28:45+05:30","message":"Error finding associated hobbies for user"}
{"level":"error","time":"2021-12-16T18:30:01+05:30","message":"Error in add user can't save invalid data"}
{"level":"info","time":"2021-12-16T18:30:01+05:30","message":"Starting server"}
{"level":"error","time":"2021-12-16T18:30:05+05:30","message":"Could not find the user record not found"}
{"level":"error","time":"2021-12-16T18:30:05+05:30","message":"Error finding associated hobbies for user"}
{"level":"error","time":"2021-12-16T18:30:37+05:30","message":"Error in add user can't save invalid data"}
{"level":"info","time":"2021-12-16T18:30:37+05:30","message":"Starting server"}
{"level":"error","time":"2021-12-16T18:30:44+05:30","message":"Could not find the user record not found"}
{"level":"error","time":"2021-12-16T18:30:44+05:30","message":"Error finding associated hobbies for user"}
{"level":"error","time":"2021-12-16T18:32:24+05:30","message":"Error in add user can't save invalid data"}
{"level":"info","time":"2021-12-16T18:32:24+05:30","message":"Starting server"}
{"level":"error","time":"2021-12-16T18:32:55+05:30","message":"Error in get all user "}
{"level":"error","time":"2021-12-16T18:33:31+05:30","message":"Error in add user can't save invalid data"}
{"level":"info","time":"2021-12-16T18:33:31+05:30","message":"Starting server"}
{"level":"error","time":"2021-12-16T18:33:48+05:30","message":"Could not find the user record not found"}
{"level":"error","time":"2021-12-16T18:33:48+05:30","message":"Error finding associated hobbies for user"}
{"level":"error","time":"2021-12-16T18:34:03+05:30","message":"Error in add user can't save invalid data"}
{"level":"info","time":"2021-12-16T18:34:03+05:30","message":"Starting server"}
{"level":"error","time":"2021-12-16T18:34:08+05:30","message":"Could not find the user record not found"}
{"level":"error","time":"2021-12-16T18:34:08+05:30","message":"Error finding associated hobbies for user"}
{"level":"error","time":"2021-12-16T18:35:03+05:30","message":"Error in add user can't save invalid data"}
{"level":"info","time":"2021-12-16T18:35:03+05:30","message":"Starting server"}
{"level":"error","time":"2021-12-16T18:35:06+05:30","message":"Could not find the user record not found"}
{"level":"error","time":"2021-12-16T18:35:54+05:30","message":"Error in add user can't save invalid data"}
{"level":"info","time":"2021-12-16T18:35:54+05:30","message":"Starting server"}
{"level":"error","time":"2021-12-16T18:48:21+05:30","message":"Error in add user can't save invalid data"}
{"level":"info","time":"2021-12-16T18:48:21+05:30","message":"Starting server"}
{"level":"error","time":"2021-12-16T18:50:36+05:30","message":"Error in user creation"}
{"level":"error","time":"2021-12-16T18:50:36+05:30","message":"Error in add user can't save invalid data"}
{"level":"error","time":"2021-12-16T18:51:15+05:30","message":"Error in user creation"}
{"level":"error","time":"2021-12-16T18:51:15+05:30","message":"Error in add user can't save invalid data"}
{"level":"error","time":"2021-12-16T18:51:38+05:30","message":"Error in user creation"}
{"level":"error","time":"2021-12-16T18:51:38+05:30","message":"Error in add user can't save invalid data"}
{"level":"error","time":"2021-12-16T18:52:16+05:30","message":"Error in user creation"}
{"level":"error","time":"2021-12-16T18:52:16+05:30","message":"Error in add user can't save invalid data"}
{"level":"error","time":"2021-12-16T18:53:16+05:30","message":"Error in user creation"}
{"level":"error","time":"2021-12-16T18:53:16+05:30","message":"Error in add user can't save invalid data"}
{"level":"error","time":"2021-12-16T18:53:30+05:30","message":"Error in add user can't save invalid data"}
{"level":"info","time":"2021-12-16T18:53:30+05:30","message":"Starting server"}
{"level":"error","time":"2021-12-16T18:53:39+05:30","message":"Error in user creation"}
{"level":"error","time":"2021-12-16T18:53:39+05:30","message":"Error in add user can't save invalid data"}
{"level":"error","time":"2021-12-16T18:54:53+05:30","message":"Error in user creation"}
{"level":"error","time":"2021-12-16T18:54:53+05:30","message":"Error in add user can't save invalid data"}
{"level":"error","time":"2021-12-16T18:56:05+05:30","message":"Error in add user can't save invalid data"}
{"level":"info","time":"2021-12-16T18:56:05+05:30","message":"Starting server"}
{"level":"error","time":"2021-12-16T18:57:13+05:30","message":"Error in user creation"}
{"level":"error","time":"2021-12-16T18:57:13+05:30","message":"Error in add user can't save invalid data"}
{"level":"error","time":"2021-12-16T18:58:12+05:30","message":"Error in user creation"}
{"level":"error","time":"2021-12-16T18:58:12+05:30","message":"Error in add user can't save invalid data"}
{"level":"error","time":"2021-12-16T18:59:10+05:30","message":"Error in add user Error 1062: Duplicate entry '102' for key 'passport_id'"}
{"level":"error","time":"2021-12-16T19:00:25+05:30","message":"Error in add user Error 1205: Lock wait timeout exceeded; try restarting transaction"}
{"level":"error","time":"2021-12-16T19:00:40+05:30","message":"Error in add user can't save invalid data"}
{"level":"info","time":"2021-12-16T19:00:40+05:30","message":"Starting server"}
{"level":"error","time":"2021-12-16T19:11:28+05:30","message":"Error finding associated hobbies for user"}
{"level":"error","time":"2021-12-16T19:12:40+05:30","message":"Error in add user can't save invalid data"}
{"level":"info","time":"2021-12-16T19:12:40+05:30","message":"Starting server"}
{"level":"error","time":"2021-12-16T19:13:26+05:30","message":"Error finding associated hobbies for user"}
{"level":"error","time":"2021-12-16T19:15:27+05:30","message":"Could not find the user record not found"}
{"level":"error","time":"2021-12-16T19:15:27+05:30","message":"Error finding associated hobbies for user"}
{"level":"error","time":"2021-12-16T19:15:27+05:30","message":"Error finding user &{{0xc000006c60} -1 <nil> [123] [{}] false}"}
{"level":"error","time":"2021-12-16T19:20:41+05:30","message":"Error finding associated hobbies for user"}
{"level":"error","time":"2021-12-16T19:30:13+05:30","message":"Error in add user can't save invalid data"}
{"level":"info","time":"2021-12-16T19:30:13+05:30","message":"Starting server"}
{"level":"error","time":"2021-12-16T19:30:17+05:30","message":"Could not find the user record not found"}
{"level":"error","time":"2021-12-16T19:30:17+05:30","message":"Error finding associated hobbies for user"}
{"level":"error","time":"2021-12-16T19:30:17+05:30","message":"Error finding user &{{0xc000292008} -1 <nil> [123] [{}] false}"}
{"level":"error","time":"2021-12-16T19:31:36+05:30","message":"Error in add user can't save invalid data"}
{"level":"info","time":"2021-12-16T19:31:36+05:30","message":"Starting server"}
{"level":"error","time":"2021-12-16T19:31:39+05:30","message":"Could not find the user record not found"}
{"level":"error","time":"2021-12-16T19:31:39+05:30","message":"Error finding associated hobbies for user"}
{"level":"error","time":"2021-12-16T19:31:39+05:30","message":"Error finding user &{{0xc000292008} -1 <nil> [123] [{}] false}"}
{"level":"error","time":"2021-12-16T19:32:10+05:30","message":"Error in add user can't save invalid data"}
{"level":"info","time":"2021-12-16T19:32:10+05:30","message":"Starting server"}
{"level":"error","time":"2021-12-16T19:32:17+05:30","message":"Could not find the user record not found"}
{"level":"error","time":"2021-12-16T19:32:17+05:30","message":"Error finding associated hobbies for user"}
{"level":"error","time":"2021-12-16T19:32:17+05:30","message":"Error finding user &{{0xc000006c60} -1 <nil> [123] [{}] false}"}
{"level":"error","time":"2021-12-16T19:51:11+05:30","message":"Error in add user can't save invalid data"}
{"level":"info","time":"2021-12-16T19:51:11+05:30","message":"Starting server"}
{"level":"error","time":"2021-12-16T19:54:28+05:30","message":"Error in add user can't save invalid data"}
{"level":"info","time":"2021-12-16T19:54:28+05:30","message":"Starting server"}
{"level":"error","time":"2021-12-16T19:54:55+05:30","message":"Error in add user can't save invalid data"}
{"level":"info","time":"2021-12-16T19:54:55+05:30","message":"Starting server"}
{"level":"error","time":"2021-12-16T19:55:30+05:30","message":"Error updating user detail Error 1452: Cannot add or update a child row: a foreign key constraint fails (`mydb`.`hobbies`, CONSTRAINT `hobbies_user_id_users_id_foreign` FOREIGN KEY (`user_id`) REFERENCES `users` (`id`) ON DELETE CASCADE ON UPDATE CASCADE)"}
{"level":"error","time":"2021-12-16T20:04:11+05:30","message":"Error in add user can't save invalid data"}
{"level":"info","time":"2021-12-16T20:04:11+05:30","message":"Starting server"}
{"level":"error","time":"2021-12-16T20:04:23+05:30","message":"Error finding associated hobbies for user"}
{"level":"error","time":"2021-12-16T20:09:47+05:30","message":"Error in add user can't save invalid data"}
{"level":"info","time":"2021-12-16T20:09:47+05:30","message":"Starting server"}
{"level":"error","time":"2021-12-16T20:09:53+05:30","message":"Could not find the user record not found"}
{"level":"error","time":"2021-12-16T20:11:05+05:30","message":"Error in add user can't save invalid data"}
{"level":"info","time":"2021-12-16T20:11:05+05:30","message":"Starting server"}
{"level":"error","time":"2021-12-16T20:11:10+05:30","message":"Could not find the user record not found"}
{"level":"error","time":"2021-12-16T20:14:43+05:30","message":"Error in add user can't save invalid data"}
{"level":"info","time":"2021-12-16T20:14:43+05:30","message":"Starting server"}
{"level":"error","time":"2021-12-16T20:14:47+05:30","message":"Could not find the user record not found"}
{"level":"error","time":"2021-12-16T20:16:39+05:30","message":"Error in add user can't save invalid data"}
{"level":"info","time":"2021-12-16T20:16:39+05:30","message":"Starting server"}
{"level":"error","time":"2021-12-16T20:19:35+05:30","message":"Error in add user can't save invalid data"}
{"level":"info","time":"2021-12-16T20:19:35+05:30","message":"Starting server"}
{"level":"error","time":"2021-12-16T20:24:31+05:30","message":"Error in add user can't save invalid data"}
{"level":"info","time":"2021-12-16T20:24:31+05:30","message":"Starting server"}
{"level":"error","time":"2021-12-16T20:31:22+05:30","message":"Error in add user can't save invalid data"}
{"level":"info","time":"2021-12-16T20:31:22+05:30","message":"Starting server"}
{"level":"error","time":"2021-12-16T20:44:11+05:30","message":"Error in add user can't save invalid data"}
{"level":"info","time":"2021-12-16T20:44:11+05:30","message":"Starting server"}
{"level":"error","time":"2021-12-17T09:21:54+05:30","message":"Error in add user can't save invalid data"}
{"level":"info","time":"2021-12-17T09:21:54+05:30","message":"Starting server"}
{"level":"error","time":"2021-12-17T09:45:44+05:30","message":"Error in add user can't save invalid data"}
{"level":"info","time":"2021-12-17T09:45:44+05:30","message":"Starting server"}
{"level":"error","time":"2021-12-17T09:48:31+05:30","message":"Error in add user can't save invalid data"}
{"level":"info","time":"2021-12-17T09:48:31+05:30","message":"Starting server"}
{"level":"error","time":"2021-12-17T09:55:50+05:30","message":"Error in add user can't save invalid data"}
{"level":"info","time":"2021-12-17T09:55:50+05:30","message":"Starting server"}
{"level":"error","time":"2021-12-17T09:58:36+05:30","message":"Error in add user can't save invalid data"}
{"level":"info","time":"2021-12-17T09:58:36+05:30","message":"Starting server"}
{"level":"error","time":"2021-12-17T10:00:00+05:30","message":"Error adding course Error 1364: Field 'id' doesn't have a default value"}
{"level":"error","time":"2021-12-17T10:01:14+05:30","message":"Error in add user can't save invalid data"}
{"level":"info","time":"2021-12-17T10:01:14+05:30","message":"Starting server"}
{"level":"error","time":"2021-12-17T10:24:53+05:30","message":"Error in add user Error 1062: Duplicate entry '102' for key 'passport_id'"}
{"level":"error","time":"2021-12-17T10:26:01+05:30","message":"Error in add user Error 1205: Lock wait timeout exceeded; try restarting transaction"}
{"level":"error","time":"2021-12-17T10:26:14+05:30","message":"Error in add user can't save invalid data"}
{"level":"info","time":"2021-12-17T10:26:14+05:30","message":"Starting server"}
{"level":"error","time":"2021-12-17T10:44:43+05:30","message":"Error in add user can't save invalid data"}
{"level":"info","time":"2021-12-17T10:44:43+05:30","message":"Starting server"}
{"level":"error","time":"2021-12-17T10:50:48+05:30","message":"Error updating user detail Error 1062: Duplicate entry 'soham@fp.com' for key 'email'"}
{"level":"error","time":"2021-12-17T10:55:15+05:30","message":"Error updating user detail Error 1062: Duplicate entry 'soham@fp.com' for key 'email'"}
{"level":"error","time":"2021-12-17T10:58:11+05:30","message":"Error updating user detail Error 1062: Duplicate entry 'soham@fp.com' for key 'email'"}
{"level":"error","time":"2021-12-17T11:00:14+05:30","message":"Error in add user can't save invalid data"}
{"level":"info","time":"2021-12-17T11:00:14+05:30","message":"Starting server"}
{"level":"error","time":"2021-12-17T11:00:47+05:30","message":"Error updating user detail Error 1452: Cannot add or update a child row: a foreign key constraint fails (`mydb`.`passports`, CONSTRAINT `passports_user_id_users_id_foreign` FOREIGN KEY (`user_id`) REFERENCES `users` (`id`) ON DELETE CASCADE ON UPDATE CASCADE)"}
{"level":"error","time":"2021-12-17T11:17:59+05:30","message":"Error in add user can't save invalid data"}
{"level":"info","time":"2021-12-17T11:17:59+05:30","message":"Starting server"}
{"level":"error","time":"2021-12-17T11:30:14+05:30","message":"Error in add user can't save invalid data"}
{"level":"info","time":"2021-12-17T11:30:14+05:30","message":"Starting server"}
{"level":"error","time":"2021-12-17T12:48:54+05:30","message":"Error updating user detail Error 1452: Cannot add or update a child row: a foreign key constraint fails (`mydb`.`passports`, CONSTRAINT `passports_user_id_users_id_foreign` FOREIGN KEY (`user_id`) REFERENCES `users` (`id`) ON DELETE CASCADE ON UPDATE CASCADE)"}
{"level":"error","time":"2021-12-17T12:56:01+05:30","message":"Error updating user detail Error 1062: Duplicate entry '1812' for key 'passport_id'"}
{"level":"error","time":"2021-12-17T13:02:20+05:30","message":"Error in add user can't save invalid data"}
{"level":"info","time":"2021-12-17T13:02:20+05:30","message":"Starting server"}
{"level":"error","time":"2021-12-17T13:02:38+05:30","message":"Could not find the user record not found"}
{"level":"error","time":"2021-12-17T13:03:59+05:30","message":"Could not find the user record not found"}
{"level":"error","time":"2021-12-17T16:00:51+05:30","message":"Error in add user can't save invalid data"}
{"level":"info","time":"2021-12-17T16:00:51+05:30","message":"Starting server"}
{"level":"error","time":"2021-12-17T16:10:46+05:30","message":"Error in add user can't save invalid data"}
{"level":"info","time":"2021-12-17T16:10:46+05:30","message":"Starting server"}
{"level":"error","time":"2021-12-17T16:16:41+05:30","message":"Error in add user can't save invalid data"}
{"level":"info","time":"2021-12-17T16:16:41+05:30","message":"Starting server"}
{"level":"error","time":"2021-12-17T16:31:08+05:30","message":"Error in add user can't save invalid data"}
{"level":"info","time":"2021-12-17T16:31:08+05:30","message":"Starting server"}
{"level":"error","time":"2021-12-17T16:32:17+05:30","message":"Error in add user can't save invalid data"}
{"level":"info","time":"2021-12-17T16:32:17+05:30","message":"Starting server"}
{"level":"error","time":"2021-12-17T16:34:26+05:30","message":"Error in add user can't save invalid data"}
{"level":"info","time":"2021-12-17T16:34:26+05:30","message":"Starting server"}
{"level":"error","time":"2021-12-17T16:34:35+05:30","message":"Please give a User ID in params"}
{"level":"error","time":"2021-12-17T16:36:56+05:30","message":"Error in add user can't save invalid data"}
{"level":"info","time":"2021-12-17T16:36:56+05:30","message":"Starting server"}
{"level":"error","time":"2021-12-17T16:37:00+05:30","message":"Please enter a User ID in params"}
{"level":"error","time":"2021-12-17T16:44:45+05:30","message":"Error in add user can't save invalid data"}
{"level":"info","time":"2021-12-17T16:44:45+05:30","message":"Starting server"}
{"level":"error","time":"2021-12-17T16:49:21+05:30","message":"Error in add user can't save invalid data"}
{"level":"info","time":"2021-12-17T16:49:21+05:30","message":"Starting server"}
{"level":"error","time":"2021-12-17T16:56:03+05:30","message":"Error in add user can't save invalid data"}
{"level":"info","time":"2021-12-17T16:56:03+05:30","message":"Starting server"}
{"level":"error","time":"2021-12-17T19:08:55+05:30","message":"Error in add user can't save invalid data"}
{"level":"info","time":"2021-12-17T19:08:55+05:30","message":"Starting server"}
{"level":"error","time":"2021-12-17T19:21:14+05:30","message":"Error in add user can't save invalid data"}
{"level":"info","time":"2021-12-17T19:21:14+05:30","message":"Starting server"}
{"level":"error","time":"2021-12-17T19:23:18+05:30","message":"Error in add user can't save invalid data"}
{"level":"info","time":"2021-12-17T19:23:18+05:30","message":"Starting server"}
{"level":"error","time":"2021-12-17T19:47:12+05:30","message":"Error in add user can't save invalid data"}
{"level":"info","time":"2021-12-17T19:47:12+05:30","message":"Starting server"}
{"level":"error","time":"2021-12-17T19:59:53+05:30","message":"Error in add user can't save invalid data"}
{"level":"info","time":"2021-12-17T19:59:53+05:30","message":"Starting server"}
{"level":"error","time":"2021-12-17T20:01:59+05:30","message":"Error in add user can't save invalid data"}
{"level":"info","time":"2021-12-17T20:01:59+05:30","message":"Starting server"}
{"level":"error","time":"2021-12-18T22:09:23+05:30","message":"Error in add user can't save invalid data"}
{"level":"info","time":"2021-12-18T22:09:23+05:30","message":"Starting server"}
{"level":"error","time":"2021-12-18T22:13:19+05:30","message":"Error in add user can't save invalid data"}
{"level":"info","time":"2021-12-18T22:13:19+05:30","message":"Starting server"}
{"level":"error","time":"2021-12-18T22:48:52+05:30","message":"Error in add user can't save invalid data"}
{"level":"info","time":"2021-12-18T22:48:52+05:30","message":"Starting server"}
{"level":"error","time":"2021-12-18T22:51:03+05:30","message":"Error in add user can't save invalid data"}
{"level":"info","time":"2021-12-18T22:51:03+05:30","message":"Starting server"}
{"level":"error","time":"2021-12-20T10:33:19+05:30","message":"Error in add user can't save invalid data"}
{"level":"info","time":"2021-12-20T10:33:19+05:30","message":"Starting server"}
{"level":"error","time":"2021-12-21T09:07:02+05:30","message":"Error in add user can't save invalid data"}
{"level":"info","time":"2021-12-21T09:07:02+05:30","message":"Starting server"}
{"level":"error","time":"2021-12-21T09:32:20+05:30","message":"Error while updating user Error 1062: Duplicate entry 'amit@fp.com' for key 'email'"}
{"level":"error","time":"2021-12-21T09:32:20+05:30","message":"Error updating user detail Error 1062: Duplicate entry 'amit@fp.com' for key 'email'"}
{"level":"error","time":"2021-12-21T10:04:06+05:30","message":"Error in add user Error 1062: Duplicate entry 'raj@fp.com' for key 'email'"}
{"level":"error","time":"2021-12-21T10:06:47+05:30","message":"Error in add user can't save invalid data"}
{"level":"info","time":"2021-12-21T10:06:47+05:30","message":"Starting server"}
{"level":"error","time":"2021-12-21T14:13:51+05:30","message":"Error in add user can't save invalid data"}
{"level":"info","time":"2021-12-21T14:13:51+05:30","message":"Starting server"}
{"level":"error","time":"2021-12-21T14:16:24+05:30","message":"Error in add user can't save invalid data"}
{"level":"info","time":"2021-12-21T14:16:24+05:30","message":"Starting server"}
{"level":"error","time":"2021-12-21T14:17:37+05:30","message":"Error in add user can't save invalid data"}
{"level":"info","time":"2021-12-21T14:17:37+05:30","message":"Starting server"}
{"level":"error","time":"2021-12-21T14:18:00+05:30","message":"Error in add user can't save invalid data"}
{"level":"info","time":"2021-12-21T14:18:00+05:30","message":"Starting server"}
{"level":"error","time":"2021-12-21T14:21:22+05:30","message":"Error in add user Error 1062: Duplicate entry 'amr@fp.com' for key 'email'"}
{"level":"error","time":"2021-12-21T14:22:27+05:30","message":"Error in add user can't save invalid data"}
{"level":"info","time":"2021-12-21T14:22:27+05:30","message":"Starting server"}
{"level":"error","time":"2021-12-21T14:24:26+05:30","message":"Error in add user can't save invalid data"}
{"level":"info","time":"2021-12-21T14:24:26+05:30","message":"Starting server"}
{"level":"error","time":"2021-12-21T14:25:58+05:30","message":"Error in add user can't save invalid data"}
{"level":"info","time":"2021-12-21T14:25:58+05:30","message":"Starting server"}
{"level":"error","time":"2021-12-21T14:26:03+05:30","message":"Error in add user Error 1062: Duplicate entry '156' for key 'passport_id'"}
{"level":"error","time":"2021-12-21T14:26:31+05:30","message":"Error in add user can't save invalid data"}
{"level":"info","time":"2021-12-21T14:26:31+05:30","message":"Starting server"}
{"level":"error","time":"2021-12-21T14:27:41+05:30","message":"Error in add user can't save invalid data"}
{"level":"info","time":"2021-12-21T14:27:41+05:30","message":"Starting server"}
{"level":"error","time":"2021-12-21T14:27:46+05:30","message":"Error in add user Error 1062: Duplicate entry 'sjr@fp.com' for key 'email'"}
{"level":"error","time":"2021-12-21T14:28:31+05:30","message":"Error in add user can't save invalid data"}
{"level":"info","time":"2021-12-21T14:28:31+05:30","message":"Starting server"}
{"level":"error","time":"2021-12-21T14:28:35+05:30","message":"Error in add user Error 1062: Duplicate entry 'sjr@fp.com' for key 'email'"}
{"level":"error","time":"2021-12-21T14:31:30+05:30","message":"Error in add user can't save invalid data"}
{"level":"info","time":"2021-12-21T14:31:30+05:30","message":"Starting server"}
{"level":"error","time":"2021-12-21T14:31:38+05:30","message":"Error in add user Error 1062: Duplicate entry 'sjr@fp.com' for key 'email'"}
{"level":"error","time":"2021-12-21T14:31:56+05:30","message":"Error in add user can't save invalid data"}
{"level":"info","time":"2021-12-21T14:31:56+05:30","message":"Starting server"}
{"level":"error","time":"2021-12-21T14:32:03+05:30","message":"Error in add user Error 1062: Duplicate entry 'sjr@fp.com' for key 'email'"}
{"level":"error","time":"2021-12-21T14:32:52+05:30","message":"Error in add user can't save invalid data"}
{"level":"info","time":"2021-12-21T14:32:52+05:30","message":"Starting server"}
{"level":"error","time":"2021-12-21T14:32:55+05:30","message":"Error in add user Error 1062: Duplicate entry 'sjr@fp.com' for key 'email'"}
{"level":"error","time":"2021-12-21T14:34:08+05:30","message":"Error in add user can't save invalid data"}
{"level":"info","time":"2021-12-21T14:34:08+05:30","message":"Starting server"}
{"level":"error","time":"2021-12-21T14:34:12+05:30","message":"Error in add user Error 1062: Duplicate entry 'sjr@fp.com' for key 'email'"}
{"level":"error","time":"2021-12-21T14:34:25+05:30","message":"Error in add user can't save invalid data"}
{"level":"info","time":"2021-12-21T14:34:25+05:30","message":"Starting server"}
{"level":"error","time":"2021-12-21T14:34:29+05:30","message":"Error in add user Error 1062: Duplicate entry 'sjr@fp.com' for key 'email'"}
{"level":"error","time":"2021-12-21T14:38:02+05:30","message":"Error in add user can't save invalid data"}
{"level":"info","time":"2021-12-21T14:38:02+05:30","message":"Starting server"}
{"level":"error","time":"2021-12-21T22:16:12+05:30","message":"Error in add user can't save invalid data"}
{"level":"info","time":"2021-12-21T22:16:12+05:30","message":"Starting server"}
{"level":"error","time":"2021-12-23T17:34:30+05:30","message":"Error in add user can't save invalid data"}
{"level":"info","time":"2021-12-23T17:34:30+05:30","message":"Starting server"}
{"level":"error","time":"2021-12-23T17:50:32+05:30","message":"Error in add user can't save invalid data"}
{"level":"info","time":"2021-12-23T17:50:32+05:30","message":"Starting server"}
{"level":"error","time":"2021-12-23T17:54:14+05:30","message":"Error in add user can't save invalid data"}
{"level":"info","time":"2021-12-23T17:54:14+05:30","message":"Starting server"}
{"level":"error","time":"2021-12-23T17:54:56+05:30","message":"Error in add user can't save invalid data"}
{"level":"info","time":"2021-12-23T17:54:56+05:30","message":"Starting server"}
{"level":"error","time":"2021-12-23T17:56:00+05:30","message":"Error in add user can't save invalid data"}
{"level":"info","time":"2021-12-23T17:56:00+05:30","message":"Starting server"}
{"level":"error","time":"2021-12-23T17:58:56+05:30","message":"Error in add user can't save invalid data"}
{"level":"info","time":"2021-12-23T17:58:56+05:30","message":"Starting server"}
{"level":"error","time":"2021-12-23T18:00:39+05:30","message":"Error in add user can't save invalid data"}
{"level":"info","time":"2021-12-23T18:00:39+05:30","message":"Starting server"}
{"level":"error","time":"2021-12-23T18:04:58+05:30","message":"Error in add user can't save invalid data"}
{"level":"info","time":"2021-12-23T18:04:58+05:30","message":"Starting server"}
{"level":"error","time":"2021-12-23T18:10:09+05:30","message":"Error in add user can't save invalid data"}
{"level":"info","time":"2021-12-23T18:10:09+05:30","message":"Starting server"}
{"level":"error","time":"2021-12-23T18:11:48+05:30","message":"Error in add user can't save invalid data"}
{"level":"info","time":"2021-12-23T18:11:48+05:30","message":"Starting server"}
{"level":"error","time":"2021-12-23T18:12:27+05:30","message":"Error in add user can't save invalid data"}
{"level":"info","time":"2021-12-23T18:12:27+05:30","message":"Starting server"}
{"level":"error","time":"2021-12-23T18:14:54+05:30","message":"Error in add user can't save invalid data"}
{"level":"info","time":"2021-12-23T18:14:54+05:30","message":"Starting server"}
{"level":"error","time":"2021-12-23T18:20:38+05:30","message":"Error in add user can't save invalid data"}
{"level":"info","time":"2021-12-23T18:20:38+05:30","message":"Starting server"}
{"level":"error","time":"2021-12-23T18:21:33+05:30","message":"Error in add user can't save invalid data"}
{"level":"info","time":"2021-12-23T18:21:33+05:30","message":"Starting server"}
{"level":"error","time":"2021-12-23T18:31:35+05:30","message":"Error in add user can't save invalid data"}
{"level":"info","time":"2021-12-23T18:31:35+05:30","message":"Starting server"}
{"level":"error","time":"2021-12-23T18:33:32+05:30","message":"Error in add user can't save invalid data"}
{"level":"info","time":"2021-12-23T18:33:32+05:30","message":"Starting server"}
{"level":"error","time":"2021-12-23T18:34:21+05:30","message":"Error in add user can't save invalid data"}
{"level":"info","time":"2021-12-23T18:34:21+05:30","message":"Starting server"}
{"level":"error","time":"2021-12-23T18:38:48+05:30","message":"Error in add user can't save invalid data"}
{"level":"info","time":"2021-12-23T18:38:48+05:30","message":"Starting server"}
{"level":"error","time":"2021-12-23T18:39:32+05:30","message":"Error in add user can't save invalid data"}
{"level":"info","time":"2021-12-23T18:39:32+05:30","message":"Starting server"}
{"level":"error","time":"2021-12-23T19:06:12+05:30","message":"Error while updating user <nil>"}
{"level":"error","time":"2021-12-23T19:18:15+05:30","message":"Error in add user can't save invalid data"}
{"level":"info","time":"2021-12-23T19:18:15+05:30","message":"Starting server"}
{"level":"error","time":"2021-12-23T19:18:55+05:30","message":"Error in add user can't save invalid data"}
{"level":"info","time":"2021-12-23T19:18:55+05:30","message":"Starting server"}
{"level":"error","time":"2021-12-23T19:22:40+05:30","message":"Error in decoding passport JSON json: cannot unmarshal string into Go struct field Passport.Passport.PassportID of type uint"}
{"level":"error","time":"2021-12-23T19:54:25+05:30","message":"Error in add user can't save invalid data"}
{"level":"info","time":"2021-12-23T19:54:25+05:30","message":"Starting server"}
{"level":"error","time":"2021-12-23T21:59:37+05:30","message":"Error in add user can't save invalid data"}
{"level":"info","time":"2021-12-23T21:59:37+05:30","message":"Starting server"}
{"level":"error","time":"2021-12-23T22:00:30+05:30","message":"Error in add user can't save invalid data"}
{"level":"info","time":"2021-12-23T22:00:30+05:30","message":"Starting server"}
{"level":"error","time":"2021-12-23T22:01:21+05:30","message":"Error in add user can't save invalid data"}
{"level":"info","time":"2021-12-23T22:01:21+05:30","message":"Starting server"}
{"level":"error","time":"2021-12-23T22:01:49+05:30","message":"Error in add user can't save invalid data"}
{"level":"info","time":"2021-12-23T22:01:49+05:30","message":"Starting server"}
{"level":"error","time":"2021-12-23T22:02:44+05:30","message":"Error in add user can't save invalid data"}
{"level":"info","time":"2021-12-23T22:02:44+05:30","message":"Starting server"}
{"level":"error","time":"2021-12-23T22:16:47+05:30","message":"Error in add user can't save invalid data"}
{"level":"info","time":"2021-12-23T22:16:47+05:30","message":"Starting server"}
{"level":"error","time":"2021-12-23T22:16:50+05:30","message":"Could not find the user or user password is empty <nil>"}
{"level":"error","time":"2021-12-23T22:17:10+05:30","message":"Error in add user can't save invalid data"}
{"level":"info","time":"2021-12-23T22:17:10+05:30","message":"Starting server"}
{"level":"error","time":"2021-12-23T22:17:13+05:30","message":"Could not find the user or user password is empty <nil>"}
{"level":"error","time":"2021-12-23T22:21:15+05:30","message":"Error in add user can't save invalid data"}
{"level":"info","time":"2021-12-23T22:21:15+05:30","message":"Starting server"}
{"level":"error","time":"2021-12-24T00:26:32+05:30","message":"Error in add user can't save invalid data"}
{"level":"info","time":"2021-12-24T00:26:32+05:30","message":"Starting server"}
{"level":"error","time":"2021-12-24T00:27:25+05:30","message":"Error in add user can't save invalid data"}
{"level":"info","time":"2021-12-24T00:27:25+05:30","message":"Starting server"}
{"level":"error","time":"2021-12-24T09:00:54+05:30","message":"Error in add user can't save invalid data"}
{"level":"info","time":"2021-12-24T09:00:54+05:30","message":"Starting server"}
{"level":"error","time":"2021-12-24T09:21:08+05:30","message":"Error in add user can't save invalid data"}
{"level":"info","time":"2021-12-24T09:21:08+05:30","message":"Starting server"}
{"level":"error","time":"2021-12-24T10:17:02+05:30","message":"Error in add user can't save invalid data"}
{"level":"info","time":"2021-12-24T10:17:02+05:30","message":"Starting server"}
{"level":"error","time":"2021-12-24T10:28:09+05:30","message":"Error in add user can't save invalid data"}
{"level":"info","time":"2021-12-24T10:28:09+05:30","message":"Starting server"}
{"level":"error","time":"2021-12-24T10:28:40+05:30","message":"error in getting course count"}
{"level":"error","time":"2021-12-24T10:29:16+05:30","message":"Error in add user can't save invalid data"}
{"level":"info","time":"2021-12-24T10:29:16+05:30","message":"Starting server"}
{"level":"error","time":"2021-12-24T10:32:16+05:30","message":"Error in add user can't save invalid data"}
{"level":"info","time":"2021-12-24T10:32:16+05:30","message":"Starting server"}
{"level":"error","time":"2021-12-24T10:32:57+05:30","message":"Error in add user can't save invalid data"}
{"level":"info","time":"2021-12-24T10:32:57+05:30","message":"Starting server"}
{"level":"error","time":"2021-12-24T10:49:36+05:30","message":"Error in add user can't save invalid data"}
{"level":"info","time":"2021-12-24T10:49:36+05:30","message":"Starting server"}
{"level":"error","time":"2021-12-24T10:51:45+05:30","message":"Error in add user can't save invalid data"}
{"level":"info","time":"2021-12-24T10:51:45+05:30","message":"Starting server"}
{"level":"error","time":"2021-12-24T10:52:13+05:30","message":"Error in add user can't save invalid data"}
{"level":"info","time":"2021-12-24T10:52:13+05:30","message":"Starting server"}
{"level":"error","time":"2021-12-24T10:53:07+05:30","message":"Could not find the user or user password is empty record not found"}
{"level":"error","time":"2021-12-24T10:53:07+05:30","message":"Error updating user detail record not found"}
{"level":"error","time":"2021-12-24T10:54:09+05:30","message":"Could not find the user or user password is empty record not found"}
{"level":"error","time":"2021-12-24T10:54:09+05:30","message":"Error updating user detail record not found"}
{"level":"error","time":"2021-12-24T10:54:45+05:30","message":"Error in add user can't save invalid data"}
{"level":"info","time":"2021-12-24T10:54:45+05:30","message":"Starting server"}
{"level":"error","time":"2021-12-24T10:54:49+05:30","message":"Could not find the user or user password is empty record not found"}
{"level":"error","time":"2021-12-24T10:54:49+05:30","message":"Error updating user detail record not found"}
{"level":"error","time":"2021-12-24T13:04:20+05:30","message":"Error in add user can't save invalid data"}
{"level":"info","time":"2021-12-24T13:04:20+05:30","message":"Starting server"}
{"level":"error","time":"2021-12-24T13:09:19+05:30","message":"Please give a User ID in params"}
{"level":"error","time":"2021-12-24T13:12:31+05:30","message":"Error in add user can't save invalid data"}
{"level":"info","time":"2021-12-24T13:12:31+05:30","message":"Starting server"}
{"level":"error","time":"2021-12-24T13:16:54+05:30","message":"Error in add user can't save invalid data"}
{"level":"info","time":"2021-12-24T13:16:54+05:30","message":"Starting server"}
{"level":"error","time":"2021-12-24T13:20:53+05:30","message":"Error in add user can't save invalid data"}
{"level":"info","time":"2021-12-24T13:20:53+05:30","message":"Starting server"}
{"level":"error","time":"2021-12-24T13:23:20+05:30","message":"Error in add user can't save invalid data"}
{"level":"info","time":"2021-12-24T13:23:20+05:30","message":"Starting server"}
{"level":"error","time":"2021-12-24T13:24:11+05:30","message":"Error in add user can't save invalid data"}
{"level":"info","time":"2021-12-24T13:24:11+05:30","message":"Starting server"}
{"level":"error","time":"2021-12-24T13:25:00+05:30","message":"Error in add user can't save invalid data"}
{"level":"info","time":"2021-12-24T13:25:00+05:30","message":"Starting server"}
{"level":"error","time":"2021-12-24T13:30:52+05:30","message":"Error in decoding course JSON%!(EXTRA *errors.errorString=EOF)"}
{"level":"error","time":"2021-12-24T13:30:52+05:30","message":"Could not find the course record not found"}
{"level":"error","time":"2021-12-24T13:30:52+05:30","message":"Error deleting course"}
{"level":"error","time":"2021-12-24T13:31:23+05:30","message":"Error in decoding course JSON%!(EXTRA *errors.errorString=EOF)"}
{"level":"error","time":"2021-12-24T13:31:23+05:30","message":"Could not find the course record not found"}
{"level":"error","time":"2021-12-24T13:31:23+05:30","message":"Error deleting course"}
{"level":"error","time":"2021-12-24T13:32:31+05:30","message":"Error in add user can't save invalid data"}
{"level":"info","time":"2021-12-24T13:32:31+05:30","message":"Starting server"}
{"level":"error","time":"2021-12-24T13:32:35+05:30","message":"Error in decoding course JSON%!(EXTRA *errors.errorString=EOF)"}
{"level":"error","time":"2021-12-24T13:32:35+05:30","message":"Could not find the course record not found"}
{"level":"error","time":"2021-12-24T13:32:35+05:30","message":"Error deleting course"}
{"level":"error","time":"2021-12-24T13:32:55+05:30","message":"Error in add user can't save invalid data"}
{"level":"info","time":"2021-12-24T13:32:55+05:30","message":"Starting server"}
{"level":"error","time":"2021-12-24T13:32:57+05:30","message":"Error in decoding course JSON%!(EXTRA *errors.errorString=EOF)"}
{"level":"error","time":"2021-12-24T13:32:57+05:30","message":"Could not find the course record not found"}
{"level":"error","time":"2021-12-24T13:32:57+05:30","message":"Error deleting course"}
{"level":"error","time":"2021-12-24T19:22:09+05:30","message":"Error in add user can't save invalid data"}
{"level":"info","time":"2021-12-24T19:22:09+05:30","message":"Starting server"}
{"level":"error","time":"2021-12-24T19:27:06+05:30","message":"Could not find the user or user password is empty"}
{"level":"error","time":"2021-12-24T19:27:06+05:30","message":"Error updating passport detail could not find the user or user password is empty"}
{"level":"error","time":"2021-12-24T19:30:59+05:30","message":"Could not find the hobby "}
{"level":"error","time":"2021-12-24T19:30:59+05:30","message":"Error updating hobby detail could not find the hobby"}
{"level":"error","time":"2021-12-24T19:32:27+05:30","message":"Could not find the hobby "}
{"level":"error","time":"2021-12-24T19:32:27+05:30","message":"Error updating hobby detail could not find the hobby"}
{"level":"error","time":"2021-12-24T19:33:48+05:30","message":"Error in add user can't save invalid data"}
{"level":"info","time":"2021-12-24T19:33:48+05:30","message":"Starting server"}
{"level":"error","time":"2021-12-24T19:33:54+05:30","message":"Could not find the hobby "}
{"level":"error","time":"2021-12-24T19:33:54+05:30","message":"Error updating hobby detail could not find the hobby"}
{"level":"error","time":"2021-12-24T19:34:31+05:30","message":"Error in add user can't save invalid data"}
{"level":"info","time":"2021-12-24T19:34:31+05:30","message":"Starting server"}
{"level":"error","time":"2021-12-24T19:37:07+05:30","message":"Error in add user can't save invalid data"}
{"level":"info","time":"2021-12-24T19:37:07+05:30","message":"Starting server"}
{"level":"error","time":"2021-12-24T19:39:04+05:30","message":"Error in add user can't save invalid data"}
{"level":"info","time":"2021-12-24T19:39:04+05:30","message":"Starting server"}
{"level":"error","time":"2021-12-24T19:39:56+05:30","message":"Error in add user can't save invalid data"}
{"level":"info","time":"2021-12-24T19:39:56+05:30","message":"Starting server"}
{"level":"error","time":"2021-12-24T19:40:48+05:30","message":"Error in add user can't save invalid data"}
{"level":"info","time":"2021-12-24T19:40:48+05:30","message":"Starting server"}
{"level":"error","time":"2021-12-24T19:42:50+05:30","message":"Error in add user can't save invalid data"}
{"level":"info","time":"2021-12-24T19:42:50+05:30","message":"Starting server"}
{"level":"error","time":"2021-12-25T22:28:45+05:30","message":"Error in add user can't save invalid data"}
{"level":"info","time":"2021-12-25T22:28:45+05:30","message":"Starting server"}
{"level":"error","time":"2021-12-27T09:00:21+05:30","message":"Error in add user can't save invalid data"}
{"level":"info","time":"2021-12-27T09:00:21+05:30","message":"Starting server"}
{"level":"error","time":"2021-12-27T09:02:46+05:30","message":"Error in decoding course JSON%!(EXTRA *errors.errorString=EOF)"}
{"level":"error","time":"2021-12-27T09:02:46+05:30","message":"Could not find course"}
{"level":"error","time":"2021-12-27T09:02:46+05:30","message":"Error deleting course"}
{"level":"error","time":"2021-12-27T09:11:54+05:30","message":"Error in add user can't save invalid data"}
{"level":"info","time":"2021-12-27T09:11:54+05:30","message":"Starting server"}
{"level":"error","time":"2021-12-27T09:15:40+05:30","message":"Error in add user can't save invalid data"}
{"level":"info","time":"2021-12-27T09:15:40+05:30","message":"Starting server"}
{"level":"error","time":"2021-12-27T09:17:34+05:30","message":"Error in add user can't save invalid data"}
{"level":"info","time":"2021-12-27T09:17:34+05:30","message":"Starting server"}
{"level":"error","time":"2021-12-27T09:17:38+05:30","message":"Error while updating user passport details%!(EXTRA <nil>)"}
{"level":"error","time":"2021-12-27T09:21:29+05:30","message":"Error in add user can't save invalid data"}
{"level":"info","time":"2021-12-27T09:21:29+05:30","message":"Starting server"}
{"level":"error","time":"2021-12-27T09:21:32+05:30","message":"Error while updating user passport details%!(EXTRA <nil>)"}
{"level":"error","time":"2021-12-27T09:39:53+05:30","message":"Error in add user can't save invalid data"}
{"level":"info","time":"2021-12-27T09:39:53+05:30","message":"Starting server"}
{"level":"error","time":"2021-12-27T09:40:46+05:30","message":"Error in add user can't save invalid data"}
{"level":"info","time":"2021-12-27T09:40:46+05:30","message":"Starting server"}
{"level":"error","time":"2021-12-27T09:41:10+05:30","message":"Error in add user can't save invalid data"}
{"level":"info","time":"2021-12-27T09:41:10+05:30","message":"Starting server"}
{"level":"error","time":"2021-12-27T09:42:19+05:30","message":"Error in add user can't save invalid data"}
{"level":"info","time":"2021-12-27T09:42:19+05:30","message":"Starting server"}
{"level":"error","time":"2021-12-27T09:42:48+05:30","message":"Error in add user can't save invalid data"}
{"level":"info","time":"2021-12-27T09:42:48+05:30","message":"Starting server"}
{"level":"error","time":"2021-12-27T10:47:34+05:30","message":"Error updating user detail user exists with same email id"}
{"level":"error","time":"2021-12-27T10:48:10+05:30","message":"Error updating user detail user exists with same email id"}
{"level":"error","time":"2021-12-27T10:49:13+05:30","message":"Error updating user detail user exists with same email id"}
{"level":"error","time":"2021-12-27T10:56:27+05:30","message":"Error in decoding course JSON%!(EXTRA *errors.errorString=EOF)"}
{"level":"error","time":"2021-12-27T10:56:27+05:30","message":"Could not find course"}
{"level":"error","time":"2021-12-27T10:56:27+05:30","message":"Error deleting course"}
{"level":"error","time":"2021-12-27T11:02:22+05:30","message":"Could not find the user "}
{"level":"error","time":"2021-12-27T11:02:22+05:30","message":"Error updating user hobbies could not find the user"}
{"level":"error","time":"2021-12-27T11:07:37+05:30","message":"Error in add user Error 1062: Duplicate entry '8766' for key 'passport_id'"}
{"level":"error","time":"2021-12-27T11:08:35+05:30","message":"Error in add user can't save invalid data"}
{"level":"info","time":"2021-12-27T11:08:35+05:30","message":"Starting server"}
{"level":"error","time":"2021-12-27T11:12:08+05:30","message":"Please enter a User ID in params"}
{"level":"error","time":"2021-12-27T11:12:25+05:30","message":"Please enter a User ID in params"}
{"level":"error","time":"2021-12-27T11:13:23+05:30","message":"Error in add user can't save invalid data"}
{"level":"info","time":"2021-12-27T11:13:23+05:30","message":"Starting server"}
{"level":"error","time":"2021-12-27T11:13:29+05:30","message":"Please enter a User ID in params"}
{"level":"error","time":"2021-12-27T11:17:55+05:30","message":"Error in add user can't save invalid data"}
{"level":"info","time":"2021-12-27T11:17:55+05:30","message":"Starting server"}
{"level":"error","time":"2021-12-27T12:22:53+05:30","message":"Error in add user can't save invalid data"}
{"level":"info","time":"2021-12-27T12:22:53+05:30","message":"Starting server"}
{"level":"error","time":"2021-12-27T12:27:49+05:30","message":"Error in add user can't save invalid data"}
{"level":"info","time":"2021-12-27T12:27:49+05:30","message":"Starting server"}
{"level":"error","time":"2021-12-27T12:29:48+05:30","message":"Error in add user can't save invalid data"}
{"level":"info","time":"2021-12-27T12:29:48+05:30","message":"Starting server"}
{"level":"error","time":"2021-12-27T12:29:50+05:30","message":"Error updating user detail user exists with same email id"}
{"level":"error","time":"2021-12-27T12:38:23+05:30","message":"Error in add user can't save invalid data"}
{"level":"info","time":"2021-12-27T12:38:23+05:30","message":"Starting server"}
{"level":"error","time":"2021-12-27T13:15:03+05:30","message":"Error updating user detail user exists with same email id"}
{"level":"error","time":"2021-12-27T13:18:15+05:30","message":"Error in add user can't save invalid data"}
{"level":"info","time":"2021-12-27T13:18:15+05:30","message":"Starting server"}
{"level":"error","time":"2021-12-27T13:19:10+05:30","message":"Error in add user can't save invalid data"}
{"level":"info","time":"2021-12-27T13:19:10+05:30","message":"Starting server"}
{"level":"error","time":"2021-12-27T13:20:10+05:30","message":"Error in add user can't save invalid data"}
{"level":"info","time":"2021-12-27T13:20:10+05:30","message":"Starting server"}
{"level":"error","time":"2021-12-27T13:21:30+05:30","message":"Error in add user can't save invalid data"}
{"level":"info","time":"2021-12-27T13:21:30+05:30","message":"Starting server"}
{"level":"error","time":"2021-12-27T13:23:39+05:30","message":"Course with same name already exists in db"}
{"level":"error","time":"2021-12-27T13:23:39+05:30","message":"Error updating user detail course with same name already exists in db"}
{"level":"error","time":"2021-12-27T13:24:47+05:30","message":"Error in add user can't save invalid data"}
{"level":"info","time":"2021-12-27T13:24:47+05:30","message":"Starting server"}
{"level":"error","time":"2021-12-27T13:24:50+05:30","message":"Course with same name already exists in db"}
{"level":"error","time":"2021-12-27T13:24:50+05:30","message":"Error updating course detail course with same name already exists in db"}
{"level":"error","time":"2021-12-27T13:29:02+05:30","message":"Error in add user can't save invalid data"}
{"level":"info","time":"2021-12-27T13:29:02+05:30","message":"Starting server"}
{"level":"error","time":"2021-12-27T13:29:39+05:30","message":"Error in decoding course JSON%!(EXTRA *errors.errorString=EOF)"}
{"level":"error","time":"2021-12-27T13:54:46+05:30","message":"Error in add user can't save invalid data"}
{"level":"info","time":"2021-12-27T13:54:46+05:30","message":"Starting server"}
{"level":"error","time":"2021-12-27T14:12:34+05:30","message":"Error in add user can't save invalid data"}
{"level":"info","time":"2021-12-27T14:12:34+05:30","message":"Starting server"}
{"level":"error","time":"2021-12-27T14:17:56+05:30","message":"Error in decoding course JSON%!(EXTRA *errors.errorString=EOF)"}
{"level":"error","time":"2021-12-27T14:17:56+05:30","message":"Could not find course"}
{"level":"error","time":"2021-12-27T14:17:56+05:30","message":"Error deleting course"}
{"level":"error","time":"2021-12-27T19:17:31+05:30","message":"Error in add user can't save invalid data"}
{"level":"info","time":"2021-12-27T19:17:31+05:30","message":"Starting server"}
{"level":"error","time":"2021-12-27T19:17:42+05:30","message":"Error in add user can't save invalid data"}
{"level":"info","time":"2021-12-27T19:17:42+05:30","message":"Starting server"}
{"level":"error","time":"2021-12-27T19:32:29+05:30","message":"Error in add user can't save invalid data"}
{"level":"info","time":"2021-12-27T19:32:29+05:30","message":"Starting server"}
{"level":"error","time":"2021-12-27T19:40:42+05:30","message":"Error in decoding course JSON%!(EXTRA *errors.errorString=EOF)"}
{"level":"error","time":"2021-12-27T19:40:42+05:30","message":"Could not find course"}
{"level":"error","time":"2021-12-27T19:40:42+05:30","message":"Error deleting course"}
{"level":"error","time":"2021-12-27T19:41:14+05:30","message":"Course with same name already exists in db"}
{"level":"error","time":"2021-12-27T19:41:14+05:30","message":"Error updating course detail course with same name already exists in db"}
